{"/mnt/c/Users/elija/OneDrive/Documents/GitHub/group1_KarateSite/testServer.js": {"path":"/mnt/c/Users/elija/OneDrive/Documents/GitHub/group1_KarateSite/testServer.js","statementMap":{"0":{"start":{"line":1,"column":16},"end":{"line":1,"column":34}},"1":{"start":{"line":2,"column":19},"end":{"line":2,"column":41}},"2":{"start":{"line":3,"column":13},"end":{"line":3,"column":28}},"3":{"start":{"line":4,"column":24},"end":{"line":4,"column":42}},"4":{"start":{"line":5,"column":0},"end":{"line":5,"column":27}},"5":{"start":{"line":8,"column":14},"end":{"line":8,"column":23}},"6":{"start":{"line":9,"column":2},"end":{"line":9,"column":18}},"7":{"start":{"line":10,"column":2},"end":{"line":10,"column":29}},"8":{"start":{"line":12,"column":17},"end":{"line":12,"column":57}},"9":{"start":{"line":13,"column":2},"end":{"line":13,"column":25}},"10":{"start":{"line":14,"column":13},"end":{"line":14,"column":39}},"11":{"start":{"line":16,"column":2},"end":{"line":16,"column":21}},"12":{"start":{"line":17,"column":2},"end":{"line":17,"column":29}},"13":{"start":{"line":20,"column":2},"end":{"line":20,"column":53}},"14":{"start":{"line":21,"column":2},"end":{"line":21,"column":59}},"15":{"start":{"line":22,"column":2},"end":{"line":22,"column":69}},"16":{"start":{"line":23,"column":2},"end":{"line":23,"column":65}},"17":{"start":{"line":24,"column":2},"end":{"line":24,"column":83}},"18":{"start":{"line":25,"column":2},"end":{"line":25,"column":71}},"19":{"start":{"line":26,"column":2},"end":{"line":26,"column":63}},"20":{"start":{"line":27,"column":2},"end":{"line":27,"column":67}},"21":{"start":{"line":28,"column":2},"end":{"line":28,"column":63}},"22":{"start":{"line":29,"column":2},"end":{"line":29,"column":73}},"23":{"start":{"line":32,"column":2},"end":{"line":32,"column":29}},"24":{"start":{"line":35,"column":0},"end":{"line":35,"column":34}}},"fnMap":{"0":{"name":"createTestServer","decl":{"start":{"line":7,"column":15},"end":{"line":7,"column":31}},"loc":{"start":{"line":7,"column":34},"end":{"line":33,"column":1}},"line":7}},"branchMap":{},"s":{"0":1,"1":1,"2":1,"3":1,"4":1,"5":1,"6":1,"7":1,"8":1,"9":1,"10":1,"11":1,"12":1,"13":1,"14":1,"15":1,"16":1,"17":1,"18":1,"19":1,"20":1,"21":1,"22":1,"23":1,"24":1},"f":{"0":1},"b":{},"_coverageSchema":"1a1c01bbd47fc00a2c39e90264f33305004495a9","hash":"999273bb2340b55545b95f0caff886cffea82065"}
,"/mnt/c/Users/elija/OneDrive/Documents/GitHub/group1_KarateSite/APIs/deleteUser.js": {"path":"/mnt/c/Users/elija/OneDrive/Documents/GitHub/group1_KarateSite/APIs/deleteUser.js","statementMap":{"0":{"start":{"line":1,"column":16},"end":{"line":1,"column":34}},"1":{"start":{"line":2,"column":15},"end":{"line":2,"column":31}},"2":{"start":{"line":4,"column":0},"end":{"line":22,"column":2}},"3":{"start":{"line":5,"column":2},"end":{"line":19,"column":5}},"4":{"start":{"line":6,"column":21},"end":{"line":6,"column":29}},"5":{"start":{"line":8,"column":4},"end":{"line":18,"column":5}},"6":{"start":{"line":9,"column":27},"end":{"line":9,"column":75}},"7":{"start":{"line":11,"column":6},"end":{"line":13,"column":7}},"8":{"start":{"line":12,"column":8},"end":{"line":12,"column":68}},"9":{"start":{"line":15,"column":6},"end":{"line":15,"column":79}},"10":{"start":{"line":17,"column":6},"end":{"line":17,"column":63}},"11":{"start":{"line":21,"column":2},"end":{"line":21,"column":16}}},"fnMap":{"0":{"name":"(anonymous_0)","decl":{"start":{"line":4,"column":17},"end":{"line":4,"column":18}},"loc":{"start":{"line":4,"column":30},"end":{"line":22,"column":1}},"line":4},"1":{"name":"(anonymous_1)","decl":{"start":{"line":5,"column":19},"end":{"line":5,"column":20}},"loc":{"start":{"line":5,"column":39},"end":{"line":19,"column":3}},"line":5}},"branchMap":{"0":{"loc":{"start":{"line":11,"column":6},"end":{"line":13,"column":7}},"type":"if","locations":[{"start":{"line":11,"column":6},"end":{"line":13,"column":7}},{"start":{},"end":{}}],"line":11}},"s":{"0":1,"1":1,"2":1,"3":1,"4":0,"5":0,"6":0,"7":0,"8":0,"9":0,"10":0,"11":1},"f":{"0":1,"1":0},"b":{"0":[0,0]},"_coverageSchema":"1a1c01bbd47fc00a2c39e90264f33305004495a9","hash":"fc5fabba73495edbace334d4cc1eefc2593b3c48"}
,"/mnt/c/Users/elija/OneDrive/Documents/GitHub/group1_KarateSite/APIs/editUserInfo.js": {"path":"/mnt/c/Users/elija/OneDrive/Documents/GitHub/group1_KarateSite/APIs/editUserInfo.js","statementMap":{"0":{"start":{"line":1,"column":16},"end":{"line":1,"column":34}},"1":{"start":{"line":2,"column":15},"end":{"line":2,"column":32}},"2":{"start":{"line":3,"column":13},"end":{"line":3,"column":38}},"3":{"start":{"line":5,"column":15},"end":{"line":5,"column":31}},"4":{"start":{"line":7,"column":0},"end":{"line":65,"column":2}},"5":{"start":{"line":8,"column":2},"end":{"line":62,"column":5}},"6":{"start":{"line":9,"column":40},"end":{"line":9,"column":48}},"7":{"start":{"line":11,"column":4},"end":{"line":61,"column":5}},"8":{"start":{"line":12,"column":30},"end":{"line":12,"column":76}},"9":{"start":{"line":14,"column":6},"end":{"line":16,"column":7}},"10":{"start":{"line":15,"column":8},"end":{"line":15,"column":72}},"11":{"start":{"line":18,"column":23},"end":{"line":18,"column":25}},"12":{"start":{"line":21,"column":6},"end":{"line":21,"column":37}},"13":{"start":{"line":21,"column":16},"end":{"line":21,"column":37}},"14":{"start":{"line":24,"column":6},"end":{"line":49,"column":7}},"15":{"start":{"line":25,"column":8},"end":{"line":25,"column":31}},"16":{"start":{"line":26,"column":8},"end":{"line":26,"column":36}},"17":{"start":{"line":29,"column":25},"end":{"line":29,"column":63}},"18":{"start":{"line":30,"column":8},"end":{"line":30,"column":46}},"19":{"start":{"line":31,"column":32},"end":{"line":31,"column":95}},"20":{"start":{"line":34,"column":20},"end":{"line":42,"column":9}},"21":{"start":{"line":44,"column":8},"end":{"line":48,"column":9}},"22":{"start":{"line":45,"column":10},"end":{"line":45,"column":31}},"23":{"start":{"line":47,"column":10},"end":{"line":47,"column":62}},"24":{"start":{"line":52,"column":6},"end":{"line":52,"column":44}},"25":{"start":{"line":52,"column":21},"end":{"line":52,"column":44}},"26":{"start":{"line":53,"column":6},"end":{"line":53,"column":44}},"27":{"start":{"line":53,"column":21},"end":{"line":53,"column":44}},"28":{"start":{"line":55,"column":6},"end":{"line":55,"column":75}},"29":{"start":{"line":57,"column":6},"end":{"line":57,"column":82}},"30":{"start":{"line":60,"column":6},"end":{"line":60,"column":76}},"31":{"start":{"line":64,"column":2},"end":{"line":64,"column":16}}},"fnMap":{"0":{"name":"(anonymous_0)","decl":{"start":{"line":7,"column":17},"end":{"line":7,"column":18}},"loc":{"start":{"line":7,"column":30},"end":{"line":65,"column":1}},"line":7},"1":{"name":"(anonymous_1)","decl":{"start":{"line":8,"column":19},"end":{"line":8,"column":20}},"loc":{"start":{"line":8,"column":39},"end":{"line":62,"column":3}},"line":8}},"branchMap":{"0":{"loc":{"start":{"line":14,"column":6},"end":{"line":16,"column":7}},"type":"if","locations":[{"start":{"line":14,"column":6},"end":{"line":16,"column":7}},{"start":{},"end":{}}],"line":14},"1":{"loc":{"start":{"line":21,"column":6},"end":{"line":21,"column":37}},"type":"if","locations":[{"start":{"line":21,"column":6},"end":{"line":21,"column":37}},{"start":{},"end":{}}],"line":21},"2":{"loc":{"start":{"line":24,"column":6},"end":{"line":49,"column":7}},"type":"if","locations":[{"start":{"line":24,"column":6},"end":{"line":49,"column":7}},{"start":{},"end":{}}],"line":24},"3":{"loc":{"start":{"line":52,"column":6},"end":{"line":52,"column":44}},"type":"if","locations":[{"start":{"line":52,"column":6},"end":{"line":52,"column":44}},{"start":{},"end":{}}],"line":52},"4":{"loc":{"start":{"line":53,"column":6},"end":{"line":53,"column":44}},"type":"if","locations":[{"start":{"line":53,"column":6},"end":{"line":53,"column":44}},{"start":{},"end":{}}],"line":53}},"s":{"0":1,"1":1,"2":1,"3":1,"4":1,"5":1,"6":0,"7":0,"8":0,"9":0,"10":0,"11":0,"12":0,"13":0,"14":0,"15":0,"16":0,"17":0,"18":0,"19":0,"20":0,"21":0,"22":0,"23":0,"24":0,"25":0,"26":0,"27":0,"28":0,"29":0,"30":0,"31":1},"f":{"0":1,"1":0},"b":{"0":[0,0],"1":[0,0],"2":[0,0],"3":[0,0],"4":[0,0]},"_coverageSchema":"1a1c01bbd47fc00a2c39e90264f33305004495a9","hash":"eb4f33ab5aead85013cf889c2f771376f3d49eac"}
,"/mnt/c/Users/elija/OneDrive/Documents/GitHub/group1_KarateSite/APIs/getPasswordInfo.js": {"path":"/mnt/c/Users/elija/OneDrive/Documents/GitHub/group1_KarateSite/APIs/getPasswordInfo.js","statementMap":{"0":{"start":{"line":1,"column":16},"end":{"line":1,"column":34}},"1":{"start":{"line":2,"column":15},"end":{"line":2,"column":31}},"2":{"start":{"line":3,"column":15},"end":{"line":3,"column":32}},"3":{"start":{"line":5,"column":0},"end":{"line":32,"column":2}},"4":{"start":{"line":6,"column":2},"end":{"line":29,"column":5}},"5":{"start":{"line":7,"column":31},"end":{"line":7,"column":39}},"6":{"start":{"line":9,"column":4},"end":{"line":28,"column":5}},"7":{"start":{"line":10,"column":22},"end":{"line":10,"column":68}},"8":{"start":{"line":12,"column":6},"end":{"line":14,"column":7}},"9":{"start":{"line":13,"column":8},"end":{"line":13,"column":65}},"10":{"start":{"line":16,"column":25},"end":{"line":16,"column":41}},"11":{"start":{"line":17,"column":22},"end":{"line":17,"column":64}},"12":{"start":{"line":19,"column":6},"end":{"line":24,"column":9}},"13":{"start":{"line":27,"column":6},"end":{"line":27,"column":54}},"14":{"start":{"line":31,"column":2},"end":{"line":31,"column":16}}},"fnMap":{"0":{"name":"(anonymous_0)","decl":{"start":{"line":5,"column":17},"end":{"line":5,"column":18}},"loc":{"start":{"line":5,"column":30},"end":{"line":32,"column":1}},"line":5},"1":{"name":"(anonymous_1)","decl":{"start":{"line":6,"column":19},"end":{"line":6,"column":20}},"loc":{"start":{"line":6,"column":39},"end":{"line":29,"column":3}},"line":6}},"branchMap":{"0":{"loc":{"start":{"line":12,"column":6},"end":{"line":14,"column":7}},"type":"if","locations":[{"start":{"line":12,"column":6},"end":{"line":14,"column":7}},{"start":{},"end":{}}],"line":12}},"s":{"0":1,"1":1,"2":1,"3":1,"4":1,"5":0,"6":0,"7":0,"8":0,"9":0,"10":0,"11":0,"12":0,"13":0,"14":1},"f":{"0":1,"1":0},"b":{"0":[0,0]},"_coverageSchema":"1a1c01bbd47fc00a2c39e90264f33305004495a9","hash":"9127709311c85508df1625345fd5df8e04a433b5"}
,"/mnt/c/Users/elija/OneDrive/Documents/GitHub/group1_KarateSite/APIs/login.js": {"path":"/mnt/c/Users/elija/OneDrive/Documents/GitHub/group1_KarateSite/APIs/login.js","statementMap":{"0":{"start":{"line":1,"column":16},"end":{"line":1,"column":34}},"1":{"start":{"line":2,"column":15},"end":{"line":2,"column":31}},"2":{"start":{"line":3,"column":15},"end":{"line":3,"column":32}},"3":{"start":{"line":5,"column":0},"end":{"line":96,"column":2}},"4":{"start":{"line":6,"column":2},"end":{"line":93,"column":5}},"5":{"start":{"line":7,"column":31},"end":{"line":7,"column":39}},"6":{"start":{"line":9,"column":26},"end":{"line":9,"column":46}},"7":{"start":{"line":10,"column":24},"end":{"line":10,"column":89}},"8":{"start":{"line":10,"column":60},"end":{"line":10,"column":88}},"9":{"start":{"line":11,"column":4},"end":{"line":13,"column":5}},"10":{"start":{"line":12,"column":6},"end":{"line":12,"column":78}},"11":{"start":{"line":15,"column":4},"end":{"line":17,"column":5}},"12":{"start":{"line":16,"column":6},"end":{"line":16,"column":84}},"13":{"start":{"line":19,"column":4},"end":{"line":19,"column":53}},"14":{"start":{"line":20,"column":4},"end":{"line":92,"column":5}},"15":{"start":{"line":22,"column":22},"end":{"line":22,"column":75}},"16":{"start":{"line":23,"column":6},"end":{"line":23,"column":42}},"17":{"start":{"line":25,"column":6},"end":{"line":27,"column":7}},"18":{"start":{"line":26,"column":8},"end":{"line":26,"column":108}},"19":{"start":{"line":29,"column":25},"end":{"line":29,"column":35}},"20":{"start":{"line":32,"column":20},"end":{"line":32,"column":71}},"21":{"start":{"line":34,"column":6},"end":{"line":36,"column":7}},"22":{"start":{"line":35,"column":8},"end":{"line":35,"column":108}},"23":{"start":{"line":39,"column":6},"end":{"line":46,"column":7}},"24":{"start":{"line":40,"column":8},"end":{"line":45,"column":11}},"25":{"start":{"line":49,"column":17},"end":{"line":49,"column":30}},"26":{"start":{"line":50,"column":19},"end":{"line":50,"column":34}},"27":{"start":{"line":51,"column":20},"end":{"line":51,"column":36}},"28":{"start":{"line":52,"column":28},"end":{"line":52,"column":53}},"29":{"start":{"line":53,"column":19},"end":{"line":53,"column":39}},"30":{"start":{"line":54,"column":24},"end":{"line":54,"column":49}},"31":{"start":{"line":55,"column":24},"end":{"line":55,"column":49}},"32":{"start":{"line":56,"column":24},"end":{"line":56,"column":49}},"33":{"start":{"line":57,"column":18},"end":{"line":57,"column":20}},"34":{"start":{"line":59,"column":6},"end":{"line":76,"column":7}},"35":{"start":{"line":61,"column":8},"end":{"line":61,"column":92}},"36":{"start":{"line":64,"column":8},"end":{"line":73,"column":9}},"37":{"start":{"line":65,"column":22},"end":{"line":65,"column":32}},"38":{"start":{"line":66,"column":10},"end":{"line":72,"column":11}},"39":{"start":{"line":67,"column":12},"end":{"line":71,"column":13}},"40":{"start":{"line":68,"column":14},"end":{"line":68,"column":113}},"41":{"start":{"line":70,"column":14},"end":{"line":70,"column":86}},"42":{"start":{"line":75,"column":8},"end":{"line":75,"column":39}},"43":{"start":{"line":78,"column":6},"end":{"line":87,"column":9}},"44":{"start":{"line":90,"column":6},"end":{"line":90,"column":63}},"45":{"start":{"line":91,"column":6},"end":{"line":91,"column":61}},"46":{"start":{"line":95,"column":2},"end":{"line":95,"column":16}}},"fnMap":{"0":{"name":"(anonymous_0)","decl":{"start":{"line":5,"column":17},"end":{"line":5,"column":18}},"loc":{"start":{"line":5,"column":30},"end":{"line":96,"column":1}},"line":5},"1":{"name":"(anonymous_1)","decl":{"start":{"line":6,"column":19},"end":{"line":6,"column":20}},"loc":{"start":{"line":6,"column":39},"end":{"line":93,"column":3}},"line":6},"2":{"name":"(anonymous_2)","decl":{"start":{"line":10,"column":53},"end":{"line":10,"column":54}},"loc":{"start":{"line":10,"column":60},"end":{"line":10,"column":88}},"line":10}},"branchMap":{"0":{"loc":{"start":{"line":11,"column":4},"end":{"line":13,"column":5}},"type":"if","locations":[{"start":{"line":11,"column":4},"end":{"line":13,"column":5}},{"start":{},"end":{}}],"line":11},"1":{"loc":{"start":{"line":15,"column":4},"end":{"line":17,"column":5}},"type":"if","locations":[{"start":{"line":15,"column":4},"end":{"line":17,"column":5}},{"start":{},"end":{}}],"line":15},"2":{"loc":{"start":{"line":15,"column":8},"end":{"line":15,"column":74}},"type":"binary-expr","locations":[{"start":{"line":15,"column":8},"end":{"line":15,"column":13}},{"start":{"line":15,"column":17},"end":{"line":15,"column":26}},{"start":{"line":15,"column":30},"end":{"line":15,"column":48}},{"start":{"line":15,"column":52},"end":{"line":15,"column":74}}],"line":15},"3":{"loc":{"start":{"line":25,"column":6},"end":{"line":27,"column":7}},"type":"if","locations":[{"start":{"line":25,"column":6},"end":{"line":27,"column":7}},{"start":{},"end":{}}],"line":25},"4":{"loc":{"start":{"line":34,"column":6},"end":{"line":36,"column":7}},"type":"if","locations":[{"start":{"line":34,"column":6},"end":{"line":36,"column":7}},{"start":{},"end":{}}],"line":34},"5":{"loc":{"start":{"line":39,"column":6},"end":{"line":46,"column":7}},"type":"if","locations":[{"start":{"line":39,"column":6},"end":{"line":46,"column":7}},{"start":{},"end":{}}],"line":39},"6":{"loc":{"start":{"line":52,"column":28},"end":{"line":52,"column":53}},"type":"binary-expr","locations":[{"start":{"line":52,"column":28},"end":{"line":52,"column":48}},{"start":{"line":52,"column":52},"end":{"line":52,"column":53}}],"line":52},"7":{"loc":{"start":{"line":53,"column":19},"end":{"line":53,"column":39}},"type":"binary-expr","locations":[{"start":{"line":53,"column":19},"end":{"line":53,"column":34}},{"start":{"line":53,"column":38},"end":{"line":53,"column":39}}],"line":53},"8":{"loc":{"start":{"line":54,"column":24},"end":{"line":54,"column":49}},"type":"binary-expr","locations":[{"start":{"line":54,"column":24},"end":{"line":54,"column":44}},{"start":{"line":54,"column":48},"end":{"line":54,"column":49}}],"line":54},"9":{"loc":{"start":{"line":55,"column":24},"end":{"line":55,"column":49}},"type":"binary-expr","locations":[{"start":{"line":55,"column":24},"end":{"line":55,"column":44}},{"start":{"line":55,"column":48},"end":{"line":55,"column":49}}],"line":55},"10":{"loc":{"start":{"line":56,"column":24},"end":{"line":56,"column":49}},"type":"binary-expr","locations":[{"start":{"line":56,"column":24},"end":{"line":56,"column":44}},{"start":{"line":56,"column":48},"end":{"line":56,"column":49}}],"line":56},"11":{"loc":{"start":{"line":64,"column":8},"end":{"line":73,"column":9}},"type":"if","locations":[{"start":{"line":64,"column":8},"end":{"line":73,"column":9}},{"start":{},"end":{}}],"line":64},"12":{"loc":{"start":{"line":66,"column":10},"end":{"line":72,"column":11}},"type":"if","locations":[{"start":{"line":66,"column":10},"end":{"line":72,"column":11}},{"start":{},"end":{}}],"line":66},"13":{"loc":{"start":{"line":67,"column":12},"end":{"line":71,"column":13}},"type":"if","locations":[{"start":{"line":67,"column":12},"end":{"line":71,"column":13}},{"start":{"line":69,"column":19},"end":{"line":71,"column":13}}],"line":67},"14":{"loc":{"start":{"line":68,"column":80},"end":{"line":68,"column":102}},"type":"binary-expr","locations":[{"start":{"line":68,"column":80},"end":{"line":68,"column":97}},{"start":{"line":68,"column":101},"end":{"line":68,"column":102}}],"line":68}},"s":{"0":1,"1":1,"2":1,"3":1,"4":2,"5":10,"6":10,"7":10,"8":19,"9":10,"10":1,"11":9,"12":3,"13":6,"14":6,"15":6,"16":6,"17":6,"18":4,"19":2,"20":2,"21":2,"22":0,"23":2,"24":0,"25":2,"26":2,"27":2,"28":2,"29":2,"30":2,"31":2,"32":2,"33":2,"34":2,"35":2,"36":2,"37":2,"38":2,"39":2,"40":1,"41":1,"42":0,"43":2,"44":0,"45":0,"46":2},"f":{"0":2,"1":10,"2":19},"b":{"0":[1,9],"1":[3,6],"2":[9,7,6,6],"3":[4,2],"4":[0,2],"5":[0,2],"6":[2,0],"7":[2,2],"8":[2,2],"9":[2,2],"10":[2,2],"11":[2,0],"12":[2,0],"13":[1,1],"14":[1,0]},"_coverageSchema":"1a1c01bbd47fc00a2c39e90264f33305004495a9","hash":"bc06b3d6d259c30a40cb959703f452b1082159e2"}
,"/mnt/c/Users/elija/OneDrive/Documents/GitHub/group1_KarateSite/APIs/register.js": {"path":"/mnt/c/Users/elija/OneDrive/Documents/GitHub/group1_KarateSite/APIs/register.js","statementMap":{"0":{"start":{"line":1,"column":16},"end":{"line":1,"column":34}},"1":{"start":{"line":2,"column":15},"end":{"line":2,"column":31}},"2":{"start":{"line":3,"column":15},"end":{"line":3,"column":32}},"3":{"start":{"line":4,"column":15},"end":{"line":4,"column":32}},"4":{"start":{"line":5,"column":13},"end":{"line":5,"column":38}},"5":{"start":{"line":6,"column":0},"end":{"line":6,"column":45}},"6":{"start":{"line":8,"column":0},"end":{"line":76,"column":2}},"7":{"start":{"line":9,"column":2},"end":{"line":73,"column":5}},"8":{"start":{"line":10,"column":50},"end":{"line":10,"column":58}},"9":{"start":{"line":12,"column":4},"end":{"line":72,"column":5}},"10":{"start":{"line":14,"column":28},"end":{"line":14,"column":81}},"11":{"start":{"line":15,"column":6},"end":{"line":17,"column":7}},"12":{"start":{"line":16,"column":8},"end":{"line":16,"column":70}},"13":{"start":{"line":20,"column":25},"end":{"line":20,"column":27}},"14":{"start":{"line":21,"column":29},"end":{"line":21,"column":68}},"15":{"start":{"line":24,"column":22},"end":{"line":37,"column":7}},"16":{"start":{"line":39,"column":6},"end":{"line":39,"column":43}},"17":{"start":{"line":39,"column":21},"end":{"line":39,"column":43}},"18":{"start":{"line":40,"column":6},"end":{"line":40,"column":43}},"19":{"start":{"line":40,"column":21},"end":{"line":40,"column":43}},"20":{"start":{"line":43,"column":32},"end":{"line":43,"column":70}},"21":{"start":{"line":44,"column":6},"end":{"line":44,"column":52}},"22":{"start":{"line":47,"column":6},"end":{"line":47,"column":54}},"23":{"start":{"line":50,"column":30},"end":{"line":50,"column":102}},"24":{"start":{"line":52,"column":18},"end":{"line":60,"column":7}},"25":{"start":{"line":62,"column":6},"end":{"line":66,"column":7}},"26":{"start":{"line":63,"column":8},"end":{"line":63,"column":29}},"27":{"start":{"line":65,"column":8},"end":{"line":65,"column":58}},"28":{"start":{"line":68,"column":6},"end":{"line":68,"column":49}},"29":{"start":{"line":71,"column":6},"end":{"line":71,"column":63}},"30":{"start":{"line":75,"column":2},"end":{"line":75,"column":16}}},"fnMap":{"0":{"name":"(anonymous_0)","decl":{"start":{"line":8,"column":17},"end":{"line":8,"column":18}},"loc":{"start":{"line":8,"column":30},"end":{"line":76,"column":1}},"line":8},"1":{"name":"(anonymous_1)","decl":{"start":{"line":9,"column":19},"end":{"line":9,"column":20}},"loc":{"start":{"line":9,"column":39},"end":{"line":73,"column":3}},"line":9}},"branchMap":{"0":{"loc":{"start":{"line":15,"column":6},"end":{"line":17,"column":7}},"type":"if","locations":[{"start":{"line":15,"column":6},"end":{"line":17,"column":7}},{"start":{},"end":{}}],"line":15},"1":{"loc":{"start":{"line":39,"column":6},"end":{"line":39,"column":43}},"type":"if","locations":[{"start":{"line":39,"column":6},"end":{"line":39,"column":43}},{"start":{},"end":{}}],"line":39},"2":{"loc":{"start":{"line":40,"column":6},"end":{"line":40,"column":43}},"type":"if","locations":[{"start":{"line":40,"column":6},"end":{"line":40,"column":43}},{"start":{},"end":{}}],"line":40}},"s":{"0":1,"1":1,"2":1,"3":1,"4":1,"5":1,"6":1,"7":1,"8":0,"9":0,"10":0,"11":0,"12":0,"13":0,"14":0,"15":0,"16":0,"17":0,"18":0,"19":0,"20":0,"21":0,"22":0,"23":0,"24":0,"25":0,"26":0,"27":0,"28":0,"29":0,"30":1},"f":{"0":1,"1":0},"b":{"0":[0,0],"1":[0,0],"2":[0,0]},"_coverageSchema":"1a1c01bbd47fc00a2c39e90264f33305004495a9","hash":"9dfeedfda5dd55810ef037c9d9cb0d6c066367a1"}
,"/mnt/c/Users/elija/OneDrive/Documents/GitHub/group1_KarateSite/APIs/requestPasswordReset.js": {"path":"/mnt/c/Users/elija/OneDrive/Documents/GitHub/group1_KarateSite/APIs/requestPasswordReset.js","statementMap":{"0":{"start":{"line":1,"column":16},"end":{"line":1,"column":34}},"1":{"start":{"line":2,"column":15},"end":{"line":2,"column":31}},"2":{"start":{"line":3,"column":15},"end":{"line":3,"column":32}},"3":{"start":{"line":4,"column":13},"end":{"line":4,"column":38}},"4":{"start":{"line":6,"column":0},"end":{"line":64,"column":2}},"5":{"start":{"line":7,"column":2},"end":{"line":61,"column":5}},"6":{"start":{"line":8,"column":22},"end":{"line":8,"column":30}},"7":{"start":{"line":10,"column":4},"end":{"line":60,"column":5}},"8":{"start":{"line":11,"column":19},"end":{"line":11,"column":66}},"9":{"start":{"line":13,"column":6},"end":{"line":18,"column":7}},"10":{"start":{"line":15,"column":8},"end":{"line":17,"column":11}},"11":{"start":{"line":21,"column":33},"end":{"line":21,"column":71}},"12":{"start":{"line":22,"column":47},"end":{"line":22,"column":67}},"13":{"start":{"line":24,"column":6},"end":{"line":32,"column":8}},"14":{"start":{"line":35,"column":35},"end":{"line":35,"column":104}},"15":{"start":{"line":36,"column":34},"end":{"line":44,"column":7}},"16":{"start":{"line":46,"column":6},"end":{"line":51,"column":7}},"17":{"start":{"line":47,"column":8},"end":{"line":47,"column":45}},"18":{"start":{"line":48,"column":8},"end":{"line":48,"column":62}},"19":{"start":{"line":50,"column":8},"end":{"line":50,"column":73}},"20":{"start":{"line":53,"column":6},"end":{"line":55,"column":9}},"21":{"start":{"line":58,"column":6},"end":{"line":58,"column":63}},"22":{"start":{"line":59,"column":6},"end":{"line":59,"column":89}},"23":{"start":{"line":63,"column":2},"end":{"line":63,"column":16}}},"fnMap":{"0":{"name":"(anonymous_0)","decl":{"start":{"line":6,"column":17},"end":{"line":6,"column":18}},"loc":{"start":{"line":6,"column":30},"end":{"line":64,"column":1}},"line":6},"1":{"name":"(anonymous_1)","decl":{"start":{"line":7,"column":19},"end":{"line":7,"column":20}},"loc":{"start":{"line":7,"column":39},"end":{"line":61,"column":3}},"line":7}},"branchMap":{"0":{"loc":{"start":{"line":13,"column":6},"end":{"line":18,"column":7}},"type":"if","locations":[{"start":{"line":13,"column":6},"end":{"line":18,"column":7}},{"start":{},"end":{}}],"line":13}},"s":{"0":1,"1":1,"2":1,"3":1,"4":1,"5":1,"6":0,"7":0,"8":0,"9":0,"10":0,"11":0,"12":0,"13":0,"14":0,"15":0,"16":0,"17":0,"18":0,"19":0,"20":0,"21":0,"22":0,"23":1},"f":{"0":1,"1":0},"b":{"0":[0,0]},"_coverageSchema":"1a1c01bbd47fc00a2c39e90264f33305004495a9","hash":"925714dac7b8606189776ecc56c4b79e6a57797e"}
,"/mnt/c/Users/elija/OneDrive/Documents/GitHub/group1_KarateSite/APIs/resetPassword.js": {"path":"/mnt/c/Users/elija/OneDrive/Documents/GitHub/group1_KarateSite/APIs/resetPassword.js","statementMap":{"0":{"start":{"line":1,"column":16},"end":{"line":1,"column":34}},"1":{"start":{"line":2,"column":15},"end":{"line":2,"column":31}},"2":{"start":{"line":3,"column":15},"end":{"line":3,"column":32}},"3":{"start":{"line":5,"column":0},"end":{"line":38,"column":2}},"4":{"start":{"line":6,"column":2},"end":{"line":35,"column":5}},"5":{"start":{"line":7,"column":35},"end":{"line":7,"column":43}},"6":{"start":{"line":9,"column":4},"end":{"line":34,"column":5}},"7":{"start":{"line":10,"column":19},"end":{"line":10,"column":86}},"8":{"start":{"line":11,"column":6},"end":{"line":13,"column":7}},"9":{"start":{"line":12,"column":8},"end":{"line":12,"column":79}},"10":{"start":{"line":15,"column":6},"end":{"line":17,"column":7}},"11":{"start":{"line":16,"column":8},"end":{"line":16,"column":83}},"12":{"start":{"line":19,"column":25},"end":{"line":19,"column":27}},"13":{"start":{"line":20,"column":29},"end":{"line":20,"column":71}},"14":{"start":{"line":22,"column":6},"end":{"line":28,"column":8}},"15":{"start":{"line":30,"column":6},"end":{"line":30,"column":88}},"16":{"start":{"line":32,"column":6},"end":{"line":32,"column":27}},"17":{"start":{"line":33,"column":6},"end":{"line":33,"column":73}},"18":{"start":{"line":37,"column":2},"end":{"line":37,"column":16}}},"fnMap":{"0":{"name":"(anonymous_0)","decl":{"start":{"line":5,"column":17},"end":{"line":5,"column":18}},"loc":{"start":{"line":5,"column":30},"end":{"line":38,"column":1}},"line":5},"1":{"name":"(anonymous_1)","decl":{"start":{"line":6,"column":19},"end":{"line":6,"column":20}},"loc":{"start":{"line":6,"column":39},"end":{"line":35,"column":3}},"line":6}},"branchMap":{"0":{"loc":{"start":{"line":11,"column":6},"end":{"line":13,"column":7}},"type":"if","locations":[{"start":{"line":11,"column":6},"end":{"line":13,"column":7}},{"start":{},"end":{}}],"line":11},"1":{"loc":{"start":{"line":15,"column":6},"end":{"line":17,"column":7}},"type":"if","locations":[{"start":{"line":15,"column":6},"end":{"line":17,"column":7}},{"start":{},"end":{}}],"line":15}},"s":{"0":1,"1":1,"2":1,"3":1,"4":1,"5":0,"6":0,"7":0,"8":0,"9":0,"10":0,"11":0,"12":0,"13":0,"14":0,"15":0,"16":0,"17":0,"18":1},"f":{"0":1,"1":0},"b":{"0":[0,0],"1":[0,0]},"_coverageSchema":"1a1c01bbd47fc00a2c39e90264f33305004495a9","hash":"617f631344f25a44230d71dd42f5f4046e92a45e"}
,"/mnt/c/Users/elija/OneDrive/Documents/GitHub/group1_KarateSite/APIs/searchKata.js": {"path":"/mnt/c/Users/elija/OneDrive/Documents/GitHub/group1_KarateSite/APIs/searchKata.js","statementMap":{"0":{"start":{"line":1,"column":16},"end":{"line":1,"column":34}},"1":{"start":{"line":2,"column":15},"end":{"line":2,"column":31}},"2":{"start":{"line":4,"column":0},"end":{"line":21,"column":2}},"3":{"start":{"line":5,"column":2},"end":{"line":18,"column":5}},"4":{"start":{"line":6,"column":23},"end":{"line":6,"column":31}},"5":{"start":{"line":8,"column":4},"end":{"line":17,"column":5}},"6":{"start":{"line":9,"column":22},"end":{"line":11,"column":18}},"7":{"start":{"line":13,"column":6},"end":{"line":13,"column":43}},"8":{"start":{"line":15,"column":6},"end":{"line":15,"column":52}},"9":{"start":{"line":16,"column":6},"end":{"line":16,"column":70}},"10":{"start":{"line":20,"column":2},"end":{"line":20,"column":16}}},"fnMap":{"0":{"name":"(anonymous_0)","decl":{"start":{"line":4,"column":17},"end":{"line":4,"column":18}},"loc":{"start":{"line":4,"column":30},"end":{"line":21,"column":1}},"line":4},"1":{"name":"(anonymous_1)","decl":{"start":{"line":5,"column":19},"end":{"line":5,"column":20}},"loc":{"start":{"line":5,"column":39},"end":{"line":18,"column":3}},"line":5}},"branchMap":{},"s":{"0":1,"1":1,"2":1,"3":1,"4":0,"5":0,"6":0,"7":0,"8":0,"9":0,"10":1},"f":{"0":1,"1":0},"b":{},"_coverageSchema":"1a1c01bbd47fc00a2c39e90264f33305004495a9","hash":"643d39ccf7344f39ef6825e92447132b274cd6be"}
,"/mnt/c/Users/elija/OneDrive/Documents/GitHub/group1_KarateSite/APIs/updateProgress.js": {"path":"/mnt/c/Users/elija/OneDrive/Documents/GitHub/group1_KarateSite/APIs/updateProgress.js","statementMap":{"0":{"start":{"line":1,"column":16},"end":{"line":1,"column":34}},"1":{"start":{"line":2,"column":15},"end":{"line":2,"column":31}},"2":{"start":{"line":4,"column":0},"end":{"line":31,"column":2}},"3":{"start":{"line":5,"column":2},"end":{"line":28,"column":5}},"4":{"start":{"line":6,"column":52},"end":{"line":6,"column":60}},"5":{"start":{"line":8,"column":15},"end":{"line":8,"column":16}},"6":{"start":{"line":9,"column":4},"end":{"line":14,"column":5}},"7":{"start":{"line":10,"column":6},"end":{"line":10,"column":15}},"8":{"start":{"line":11,"column":6},"end":{"line":13,"column":7}},"9":{"start":{"line":12,"column":8},"end":{"line":12,"column":17}},"10":{"start":{"line":16,"column":16},"end":{"line":16,"column":18}},"11":{"start":{"line":17,"column":4},"end":{"line":24,"column":5}},"12":{"start":{"line":18,"column":6},"end":{"line":21,"column":8}},"13":{"start":{"line":23,"column":6},"end":{"line":23,"column":29}},"14":{"start":{"line":26,"column":16},"end":{"line":26,"column":110}},"15":{"start":{"line":27,"column":4},"end":{"line":27,"column":30}},"16":{"start":{"line":30,"column":2},"end":{"line":30,"column":16}}},"fnMap":{"0":{"name":"(anonymous_0)","decl":{"start":{"line":4,"column":17},"end":{"line":4,"column":18}},"loc":{"start":{"line":4,"column":30},"end":{"line":31,"column":1}},"line":4},"1":{"name":"(anonymous_1)","decl":{"start":{"line":5,"column":19},"end":{"line":5,"column":20}},"loc":{"start":{"line":5,"column":39},"end":{"line":28,"column":3}},"line":5}},"branchMap":{"0":{"loc":{"start":{"line":9,"column":4},"end":{"line":14,"column":5}},"type":"if","locations":[{"start":{"line":9,"column":4},"end":{"line":14,"column":5}},{"start":{},"end":{}}],"line":9},"1":{"loc":{"start":{"line":11,"column":6},"end":{"line":13,"column":7}},"type":"if","locations":[{"start":{"line":11,"column":6},"end":{"line":13,"column":7}},{"start":{},"end":{}}],"line":11}},"s":{"0":1,"1":1,"2":1,"3":1,"4":0,"5":0,"6":0,"7":0,"8":0,"9":0,"10":0,"11":0,"12":0,"13":0,"14":0,"15":0,"16":1},"f":{"0":1,"1":0},"b":{"0":[0,0],"1":[0,0]},"_coverageSchema":"1a1c01bbd47fc00a2c39e90264f33305004495a9","hash":"f88e758def29af7380879fa729c4b48c1e3aeaa5"}
,"/mnt/c/Users/elija/OneDrive/Documents/GitHub/group1_KarateSite/APIs/verifyEmail.js": {"path":"/mnt/c/Users/elija/OneDrive/Documents/GitHub/group1_KarateSite/APIs/verifyEmail.js","statementMap":{"0":{"start":{"line":1,"column":16},"end":{"line":1,"column":34}},"1":{"start":{"line":2,"column":15},"end":{"line":2,"column":31}},"2":{"start":{"line":4,"column":0},"end":{"line":29,"column":2}},"3":{"start":{"line":5,"column":2},"end":{"line":26,"column":5}},"4":{"start":{"line":6,"column":18},"end":{"line":6,"column":33}},"5":{"start":{"line":8,"column":4},"end":{"line":25,"column":5}},"6":{"start":{"line":9,"column":19},"end":{"line":9,"column":85}},"7":{"start":{"line":11,"column":6},"end":{"line":13,"column":7}},"8":{"start":{"line":12,"column":8},"end":{"line":12,"column":66}},"9":{"start":{"line":15,"column":6},"end":{"line":18,"column":8}},"10":{"start":{"line":21,"column":6},"end":{"line":21,"column":51}},"11":{"start":{"line":23,"column":6},"end":{"line":23,"column":25}},"12":{"start":{"line":24,"column":6},"end":{"line":24,"column":63}},"13":{"start":{"line":28,"column":2},"end":{"line":28,"column":16}}},"fnMap":{"0":{"name":"(anonymous_0)","decl":{"start":{"line":4,"column":17},"end":{"line":4,"column":18}},"loc":{"start":{"line":4,"column":30},"end":{"line":29,"column":1}},"line":4},"1":{"name":"(anonymous_1)","decl":{"start":{"line":5,"column":19},"end":{"line":5,"column":20}},"loc":{"start":{"line":5,"column":39},"end":{"line":26,"column":3}},"line":5}},"branchMap":{"0":{"loc":{"start":{"line":11,"column":6},"end":{"line":13,"column":7}},"type":"if","locations":[{"start":{"line":11,"column":6},"end":{"line":13,"column":7}},{"start":{},"end":{}}],"line":11}},"s":{"0":1,"1":1,"2":1,"3":1,"4":0,"5":0,"6":0,"7":0,"8":0,"9":0,"10":0,"11":0,"12":0,"13":1},"f":{"0":1,"1":0},"b":{"0":[0,0]},"_coverageSchema":"1a1c01bbd47fc00a2c39e90264f33305004495a9","hash":"5ea59034f6d7fffed2598e1c0a3decaf40b0cd64"}
}
