{"/mnt/c/Users/elija/OneDrive/Documents/GitHub/group1_KarateSite/createJWT.js": {"path":"/mnt/c/Users/elija/OneDrive/Documents/GitHub/group1_KarateSite/createJWT.js","statementMap":{"0":{"start":{"line":1,"column":12},"end":{"line":1,"column":35}},"1":{"start":{"line":2,"column":0},"end":{"line":2,"column":27}},"2":{"start":{"line":4,"column":0},"end":{"line":7,"column":1}},"3":{"start":{"line":6,"column":4},"end":{"line":6,"column":94}},"4":{"start":{"line":9,"column":0},"end":{"line":24,"column":1}},"5":{"start":{"line":11,"column":4},"end":{"line":22,"column":5}},"6":{"start":{"line":13,"column":27},"end":{"line":13,"column":37}},"7":{"start":{"line":14,"column":24},"end":{"line":14,"column":94}},"8":{"start":{"line":15,"column":28},"end":{"line":15,"column":100}},"9":{"start":{"line":17,"column":18},"end":{"line":17,"column":43}},"10":{"start":{"line":21,"column":18},"end":{"line":21,"column":35}},"11":{"start":{"line":23,"column":4},"end":{"line":23,"column":15}},"12":{"start":{"line":26,"column":0},"end":{"line":42,"column":1}},"13":{"start":{"line":28,"column":18},"end":{"line":39,"column":6}},"14":{"start":{"line":31,"column":8},"end":{"line":38,"column":9}},"15":{"start":{"line":33,"column":12},"end":{"line":33,"column":24}},"16":{"start":{"line":37,"column":12},"end":{"line":37,"column":25}},"17":{"start":{"line":41,"column":4},"end":{"line":41,"column":19}},"18":{"start":{"line":44,"column":0},"end":{"line":58,"column":1}},"19":{"start":{"line":46,"column":13},"end":{"line":46,"column":46}},"20":{"start":{"line":47,"column":13},"end":{"line":47,"column":26}},"21":{"start":{"line":48,"column":15},"end":{"line":48,"column":30}},"22":{"start":{"line":49,"column":15},"end":{"line":49,"column":30}},"23":{"start":{"line":50,"column":16},"end":{"line":50,"column":32}},"24":{"start":{"line":51,"column":15},"end":{"line":51,"column":30}},"25":{"start":{"line":52,"column":17},"end":{"line":52,"column":34}},"26":{"start":{"line":53,"column":20},"end":{"line":53,"column":40}},"27":{"start":{"line":54,"column":20},"end":{"line":54,"column":40}},"28":{"start":{"line":55,"column":20},"end":{"line":55,"column":40}},"29":{"start":{"line":57,"column":4},"end":{"line":57,"column":95}}},"fnMap":{"0":{"name":"(anonymous_0)","decl":{"start":{"line":4,"column":22},"end":{"line":4,"column":23}},"loc":{"start":{"line":5,"column":0},"end":{"line":7,"column":1}},"line":5},"1":{"name":"(anonymous_1)","decl":{"start":{"line":9,"column":15},"end":{"line":9,"column":16}},"loc":{"start":{"line":10,"column":0},"end":{"line":24,"column":1}},"line":10},"2":{"name":"(anonymous_2)","decl":{"start":{"line":26,"column":20},"end":{"line":26,"column":21}},"loc":{"start":{"line":27,"column":0},"end":{"line":42,"column":1}},"line":27},"3":{"name":"(anonymous_3)","decl":{"start":{"line":29,"column":8},"end":{"line":29,"column":9}},"loc":{"start":{"line":30,"column":4},"end":{"line":39,"column":5}},"line":30},"4":{"name":"(anonymous_4)","decl":{"start":{"line":44,"column":18},"end":{"line":44,"column":19}},"loc":{"start":{"line":45,"column":0},"end":{"line":58,"column":1}},"line":45}},"branchMap":{"0":{"loc":{"start":{"line":31,"column":8},"end":{"line":38,"column":9}},"type":"if","locations":[{"start":{"line":31,"column":8},"end":{"line":38,"column":9}},{"start":{"line":36,"column":8},"end":{"line":38,"column":9}}],"line":31}},"s":{"0":4,"1":4,"2":4,"3":4,"4":4,"5":5,"6":5,"7":5,"8":5,"9":4,"10":1,"11":5,"12":4,"13":2,"14":2,"15":1,"16":1,"17":2,"18":4,"19":2,"20":2,"21":1,"22":1,"23":1,"24":1,"25":1,"26":1,"27":1,"28":1,"29":1},"f":{"0":4,"1":5,"2":2,"3":2,"4":2},"b":{"0":[1,1]},"_coverageSchema":"1a1c01bbd47fc00a2c39e90264f33305004495a9","hash":"32734f78eb4dbce461987cf13df996bc326c5b45"}
,"/mnt/c/Users/elija/OneDrive/Documents/GitHub/group1_KarateSite/testServer.js": {"path":"/mnt/c/Users/elija/OneDrive/Documents/GitHub/group1_KarateSite/testServer.js","statementMap":{"0":{"start":{"line":1,"column":16},"end":{"line":1,"column":34}},"1":{"start":{"line":2,"column":19},"end":{"line":2,"column":41}},"2":{"start":{"line":3,"column":13},"end":{"line":3,"column":28}},"3":{"start":{"line":4,"column":24},"end":{"line":4,"column":42}},"4":{"start":{"line":5,"column":0},"end":{"line":5,"column":27}},"5":{"start":{"line":8,"column":14},"end":{"line":8,"column":23}},"6":{"start":{"line":9,"column":2},"end":{"line":9,"column":18}},"7":{"start":{"line":10,"column":2},"end":{"line":10,"column":29}},"8":{"start":{"line":12,"column":17},"end":{"line":12,"column":57}},"9":{"start":{"line":13,"column":2},"end":{"line":13,"column":25}},"10":{"start":{"line":14,"column":13},"end":{"line":14,"column":39}},"11":{"start":{"line":16,"column":2},"end":{"line":16,"column":21}},"12":{"start":{"line":17,"column":2},"end":{"line":17,"column":29}},"13":{"start":{"line":20,"column":2},"end":{"line":20,"column":53}},"14":{"start":{"line":21,"column":2},"end":{"line":21,"column":59}},"15":{"start":{"line":22,"column":2},"end":{"line":22,"column":56}},"16":{"start":{"line":25,"column":2},"end":{"line":25,"column":29}},"17":{"start":{"line":28,"column":0},"end":{"line":28,"column":34}}},"fnMap":{"0":{"name":"createTestServer","decl":{"start":{"line":7,"column":15},"end":{"line":7,"column":31}},"loc":{"start":{"line":7,"column":34},"end":{"line":26,"column":1}},"line":7}},"branchMap":{},"s":{"0":3,"1":3,"2":3,"3":3,"4":3,"5":3,"6":3,"7":3,"8":3,"9":3,"10":3,"11":3,"12":3,"13":3,"14":3,"15":3,"16":3,"17":3},"f":{"0":3},"b":{},"_coverageSchema":"1a1c01bbd47fc00a2c39e90264f33305004495a9","hash":"2b9d51d08ab39c863820730b04e4dfb2f4bfeb4a"}
,"/mnt/c/Users/elija/OneDrive/Documents/GitHub/group1_KarateSite/APIs/login.js": {"path":"/mnt/c/Users/elija/OneDrive/Documents/GitHub/group1_KarateSite/APIs/login.js","statementMap":{"0":{"start":{"line":1,"column":16},"end":{"line":1,"column":34}},"1":{"start":{"line":2,"column":15},"end":{"line":2,"column":31}},"2":{"start":{"line":3,"column":15},"end":{"line":3,"column":32}},"3":{"start":{"line":4,"column":14},"end":{"line":4,"column":40}},"4":{"start":{"line":6,"column":0},"end":{"line":123,"column":2}},"5":{"start":{"line":7,"column":2},"end":{"line":120,"column":5}},"6":{"start":{"line":8,"column":31},"end":{"line":8,"column":39}},"7":{"start":{"line":10,"column":26},"end":{"line":10,"column":46}},"8":{"start":{"line":11,"column":24},"end":{"line":11,"column":89}},"9":{"start":{"line":11,"column":60},"end":{"line":11,"column":88}},"10":{"start":{"line":12,"column":4},"end":{"line":14,"column":5}},"11":{"start":{"line":13,"column":6},"end":{"line":13,"column":90}},"12":{"start":{"line":16,"column":4},"end":{"line":18,"column":5}},"13":{"start":{"line":17,"column":6},"end":{"line":17,"column":84}},"14":{"start":{"line":22,"column":4},"end":{"line":119,"column":5}},"15":{"start":{"line":25,"column":6},"end":{"line":30,"column":7}},"16":{"start":{"line":26,"column":8},"end":{"line":26,"column":72}},"17":{"start":{"line":28,"column":8},"end":{"line":28,"column":57}},"18":{"start":{"line":29,"column":8},"end":{"line":29,"column":67}},"19":{"start":{"line":32,"column":6},"end":{"line":34,"column":7}},"20":{"start":{"line":33,"column":8},"end":{"line":33,"column":108}},"21":{"start":{"line":36,"column":25},"end":{"line":36,"column":35}},"22":{"start":{"line":39,"column":20},"end":{"line":39,"column":71}},"23":{"start":{"line":41,"column":6},"end":{"line":43,"column":7}},"24":{"start":{"line":42,"column":8},"end":{"line":42,"column":108}},"25":{"start":{"line":46,"column":6},"end":{"line":53,"column":7}},"26":{"start":{"line":47,"column":8},"end":{"line":52,"column":11}},"27":{"start":{"line":56,"column":17},"end":{"line":56,"column":30}},"28":{"start":{"line":57,"column":23},"end":{"line":57,"column":38}},"29":{"start":{"line":58,"column":19},"end":{"line":58,"column":34}},"30":{"start":{"line":59,"column":20},"end":{"line":59,"column":36}},"31":{"start":{"line":60,"column":28},"end":{"line":60,"column":53}},"32":{"start":{"line":61,"column":19},"end":{"line":61,"column":39}},"33":{"start":{"line":62,"column":21},"end":{"line":62,"column":43}},"34":{"start":{"line":63,"column":24},"end":{"line":63,"column":49}},"35":{"start":{"line":64,"column":24},"end":{"line":64,"column":49}},"36":{"start":{"line":65,"column":24},"end":{"line":65,"column":49}},"37":{"start":{"line":66,"column":18},"end":{"line":66,"column":20}},"38":{"start":{"line":68,"column":6},"end":{"line":89,"column":7}},"39":{"start":{"line":70,"column":20},"end":{"line":70,"column":30}},"40":{"start":{"line":72,"column":8},"end":{"line":72,"column":85}},"41":{"start":{"line":74,"column":8},"end":{"line":86,"column":9}},"42":{"start":{"line":75,"column":23},"end":{"line":75,"column":42}},"43":{"start":{"line":77,"column":10},"end":{"line":85,"column":11}},"44":{"start":{"line":78,"column":12},"end":{"line":84,"column":13}},"45":{"start":{"line":80,"column":14},"end":{"line":80,"column":113}},"46":{"start":{"line":83,"column":14},"end":{"line":83,"column":86}},"47":{"start":{"line":88,"column":8},"end":{"line":88,"column":39}},"48":{"start":{"line":92,"column":6},"end":{"line":115,"column":7}},"49":{"start":{"line":93,"column":23},"end":{"line":93,"column":114}},"50":{"start":{"line":95,"column":8},"end":{"line":97,"column":9}},"51":{"start":{"line":96,"column":10},"end":{"line":96,"column":94}},"52":{"start":{"line":100,"column":8},"end":{"line":112,"column":11}},"53":{"start":{"line":114,"column":8},"end":{"line":114,"column":96}},"54":{"start":{"line":117,"column":6},"end":{"line":117,"column":48}},"55":{"start":{"line":118,"column":6},"end":{"line":118,"column":61}},"56":{"start":{"line":122,"column":2},"end":{"line":122,"column":16}}},"fnMap":{"0":{"name":"(anonymous_0)","decl":{"start":{"line":6,"column":17},"end":{"line":6,"column":18}},"loc":{"start":{"line":6,"column":30},"end":{"line":123,"column":1}},"line":6},"1":{"name":"(anonymous_1)","decl":{"start":{"line":7,"column":19},"end":{"line":7,"column":20}},"loc":{"start":{"line":7,"column":39},"end":{"line":120,"column":3}},"line":7},"2":{"name":"(anonymous_2)","decl":{"start":{"line":11,"column":53},"end":{"line":11,"column":54}},"loc":{"start":{"line":11,"column":60},"end":{"line":11,"column":88}},"line":11}},"branchMap":{"0":{"loc":{"start":{"line":12,"column":4},"end":{"line":14,"column":5}},"type":"if","locations":[{"start":{"line":12,"column":4},"end":{"line":14,"column":5}},{"start":{},"end":{}}],"line":12},"1":{"loc":{"start":{"line":16,"column":4},"end":{"line":18,"column":5}},"type":"if","locations":[{"start":{"line":16,"column":4},"end":{"line":18,"column":5}},{"start":{},"end":{}}],"line":16},"2":{"loc":{"start":{"line":16,"column":8},"end":{"line":16,"column":74}},"type":"binary-expr","locations":[{"start":{"line":16,"column":8},"end":{"line":16,"column":13}},{"start":{"line":16,"column":17},"end":{"line":16,"column":26}},{"start":{"line":16,"column":30},"end":{"line":16,"column":48}},{"start":{"line":16,"column":52},"end":{"line":16,"column":74}}],"line":16},"3":{"loc":{"start":{"line":32,"column":6},"end":{"line":34,"column":7}},"type":"if","locations":[{"start":{"line":32,"column":6},"end":{"line":34,"column":7}},{"start":{},"end":{}}],"line":32},"4":{"loc":{"start":{"line":41,"column":6},"end":{"line":43,"column":7}},"type":"if","locations":[{"start":{"line":41,"column":6},"end":{"line":43,"column":7}},{"start":{},"end":{}}],"line":41},"5":{"loc":{"start":{"line":46,"column":6},"end":{"line":53,"column":7}},"type":"if","locations":[{"start":{"line":46,"column":6},"end":{"line":53,"column":7}},{"start":{},"end":{}}],"line":46},"6":{"loc":{"start":{"line":60,"column":28},"end":{"line":60,"column":53}},"type":"binary-expr","locations":[{"start":{"line":60,"column":28},"end":{"line":60,"column":48}},{"start":{"line":60,"column":52},"end":{"line":60,"column":53}}],"line":60},"7":{"loc":{"start":{"line":61,"column":19},"end":{"line":61,"column":39}},"type":"binary-expr","locations":[{"start":{"line":61,"column":19},"end":{"line":61,"column":34}},{"start":{"line":61,"column":38},"end":{"line":61,"column":39}}],"line":61},"8":{"loc":{"start":{"line":62,"column":21},"end":{"line":62,"column":43}},"type":"binary-expr","locations":[{"start":{"line":62,"column":21},"end":{"line":62,"column":38}},{"start":{"line":62,"column":42},"end":{"line":62,"column":43}}],"line":62},"9":{"loc":{"start":{"line":63,"column":24},"end":{"line":63,"column":49}},"type":"binary-expr","locations":[{"start":{"line":63,"column":24},"end":{"line":63,"column":44}},{"start":{"line":63,"column":48},"end":{"line":63,"column":49}}],"line":63},"10":{"loc":{"start":{"line":64,"column":24},"end":{"line":64,"column":49}},"type":"binary-expr","locations":[{"start":{"line":64,"column":24},"end":{"line":64,"column":44}},{"start":{"line":64,"column":48},"end":{"line":64,"column":49}}],"line":64},"11":{"loc":{"start":{"line":65,"column":24},"end":{"line":65,"column":49}},"type":"binary-expr","locations":[{"start":{"line":65,"column":24},"end":{"line":65,"column":44}},{"start":{"line":65,"column":48},"end":{"line":65,"column":49}}],"line":65},"12":{"loc":{"start":{"line":74,"column":8},"end":{"line":86,"column":9}},"type":"if","locations":[{"start":{"line":74,"column":8},"end":{"line":86,"column":9}},{"start":{},"end":{}}],"line":74},"13":{"loc":{"start":{"line":77,"column":10},"end":{"line":85,"column":11}},"type":"if","locations":[{"start":{"line":77,"column":10},"end":{"line":85,"column":11}},{"start":{},"end":{}}],"line":77},"14":{"loc":{"start":{"line":78,"column":12},"end":{"line":84,"column":13}},"type":"if","locations":[{"start":{"line":78,"column":12},"end":{"line":84,"column":13}},{"start":{"line":81,"column":19},"end":{"line":84,"column":13}}],"line":78},"15":{"loc":{"start":{"line":80,"column":80},"end":{"line":80,"column":102}},"type":"binary-expr","locations":[{"start":{"line":80,"column":80},"end":{"line":80,"column":97}},{"start":{"line":80,"column":101},"end":{"line":80,"column":102}}],"line":80},"16":{"loc":{"start":{"line":95,"column":8},"end":{"line":97,"column":9}},"type":"if","locations":[{"start":{"line":95,"column":8},"end":{"line":97,"column":9}},{"start":{},"end":{}}],"line":95}},"s":{"0":3,"1":3,"2":3,"3":3,"4":3,"5":3,"6":9,"7":9,"8":9,"9":17,"10":9,"11":1,"12":8,"13":3,"14":5,"15":5,"16":5,"17":0,"18":0,"19":5,"20":3,"21":2,"22":2,"23":2,"24":0,"25":2,"26":0,"27":2,"28":2,"29":2,"30":2,"31":2,"32":2,"33":2,"34":2,"35":2,"36":2,"37":2,"38":2,"39":2,"40":2,"41":2,"42":2,"43":2,"44":2,"45":1,"46":1,"47":0,"48":2,"49":2,"50":2,"51":0,"52":2,"53":0,"54":0,"55":0,"56":3},"f":{"0":3,"1":9,"2":17},"b":{"0":[1,8],"1":[3,5],"2":[8,6,5,5],"3":[3,2],"4":[0,2],"5":[0,2],"6":[2,0],"7":[2,2],"8":[2,0],"9":[2,2],"10":[2,2],"11":[2,2],"12":[2,0],"13":[2,0],"14":[1,1],"15":[1,0],"16":[0,2]},"_coverageSchema":"1a1c01bbd47fc00a2c39e90264f33305004495a9","hash":"c372e040abf75cbaae0a7a82e30135d912b7b164"}
,"/mnt/c/Users/elija/OneDrive/Documents/GitHub/group1_KarateSite/APIs/register.js": {"path":"/mnt/c/Users/elija/OneDrive/Documents/GitHub/group1_KarateSite/APIs/register.js","statementMap":{"0":{"start":{"line":1,"column":16},"end":{"line":1,"column":34}},"1":{"start":{"line":2,"column":15},"end":{"line":2,"column":31}},"2":{"start":{"line":3,"column":15},"end":{"line":3,"column":32}},"3":{"start":{"line":4,"column":15},"end":{"line":4,"column":32}},"4":{"start":{"line":5,"column":13},"end":{"line":5,"column":38}},"5":{"start":{"line":6,"column":0},"end":{"line":6,"column":45}},"6":{"start":{"line":8,"column":0},"end":{"line":98,"column":2}},"7":{"start":{"line":9,"column":2},"end":{"line":95,"column":5}},"8":{"start":{"line":10,"column":50},"end":{"line":10,"column":58}},"9":{"start":{"line":13,"column":4},"end":{"line":21,"column":5}},"10":{"start":{"line":20,"column":6},"end":{"line":20,"column":135}},"11":{"start":{"line":24,"column":23},"end":{"line":24,"column":51}},"12":{"start":{"line":25,"column":4},"end":{"line":27,"column":5}},"13":{"start":{"line":26,"column":6},"end":{"line":26,"column":70}},"14":{"start":{"line":29,"column":4},"end":{"line":94,"column":5}},"15":{"start":{"line":31,"column":28},"end":{"line":31,"column":81}},"16":{"start":{"line":32,"column":6},"end":{"line":34,"column":7}},"17":{"start":{"line":33,"column":8},"end":{"line":33,"column":70}},"18":{"start":{"line":37,"column":25},"end":{"line":37,"column":27}},"19":{"start":{"line":38,"column":29},"end":{"line":38,"column":68}},"20":{"start":{"line":41,"column":22},"end":{"line":54,"column":7}},"21":{"start":{"line":56,"column":6},"end":{"line":56,"column":43}},"22":{"start":{"line":56,"column":21},"end":{"line":56,"column":43}},"23":{"start":{"line":57,"column":6},"end":{"line":57,"column":43}},"24":{"start":{"line":57,"column":21},"end":{"line":57,"column":43}},"25":{"start":{"line":60,"column":32},"end":{"line":60,"column":70}},"26":{"start":{"line":61,"column":6},"end":{"line":61,"column":52}},"27":{"start":{"line":64,"column":6},"end":{"line":69,"column":7}},"28":{"start":{"line":65,"column":8},"end":{"line":65,"column":56}},"29":{"start":{"line":67,"column":8},"end":{"line":67,"column":55}},"30":{"start":{"line":68,"column":8},"end":{"line":68,"column":71}},"31":{"start":{"line":72,"column":30},"end":{"line":72,"column":102}},"32":{"start":{"line":74,"column":18},"end":{"line":82,"column":7}},"33":{"start":{"line":84,"column":6},"end":{"line":88,"column":7}},"34":{"start":{"line":85,"column":8},"end":{"line":85,"column":29}},"35":{"start":{"line":87,"column":8},"end":{"line":87,"column":58}},"36":{"start":{"line":90,"column":6},"end":{"line":90,"column":49}},"37":{"start":{"line":93,"column":6},"end":{"line":93,"column":63}},"38":{"start":{"line":97,"column":2},"end":{"line":97,"column":16}}},"fnMap":{"0":{"name":"(anonymous_0)","decl":{"start":{"line":8,"column":17},"end":{"line":8,"column":18}},"loc":{"start":{"line":8,"column":30},"end":{"line":98,"column":1}},"line":8},"1":{"name":"(anonymous_1)","decl":{"start":{"line":9,"column":19},"end":{"line":9,"column":20}},"loc":{"start":{"line":9,"column":39},"end":{"line":95,"column":3}},"line":9}},"branchMap":{"0":{"loc":{"start":{"line":13,"column":4},"end":{"line":21,"column":5}},"type":"if","locations":[{"start":{"line":13,"column":4},"end":{"line":21,"column":5}},{"start":{},"end":{}}],"line":13},"1":{"loc":{"start":{"line":14,"column":6},"end":{"line":18,"column":42}},"type":"binary-expr","locations":[{"start":{"line":14,"column":6},"end":{"line":14,"column":11}},{"start":{"line":14,"column":15},"end":{"line":14,"column":39}},{"start":{"line":14,"column":43},"end":{"line":14,"column":61}},{"start":{"line":15,"column":6},"end":{"line":15,"column":15}},{"start":{"line":15,"column":19},"end":{"line":15,"column":47}},{"start":{"line":15,"column":51},"end":{"line":15,"column":73}},{"start":{"line":16,"column":6},"end":{"line":16,"column":11}},{"start":{"line":16,"column":15},"end":{"line":16,"column":39}},{"start":{"line":16,"column":43},"end":{"line":16,"column":61}},{"start":{"line":17,"column":6},"end":{"line":17,"column":12}},{"start":{"line":17,"column":16},"end":{"line":17,"column":41}},{"start":{"line":17,"column":45},"end":{"line":17,"column":64}},{"start":{"line":18,"column":6},"end":{"line":18,"column":30}},{"start":{"line":18,"column":34},"end":{"line":18,"column":42}}],"line":14},"2":{"loc":{"start":{"line":25,"column":4},"end":{"line":27,"column":5}},"type":"if","locations":[{"start":{"line":25,"column":4},"end":{"line":27,"column":5}},{"start":{},"end":{}}],"line":25},"3":{"loc":{"start":{"line":32,"column":6},"end":{"line":34,"column":7}},"type":"if","locations":[{"start":{"line":32,"column":6},"end":{"line":34,"column":7}},{"start":{},"end":{}}],"line":32},"4":{"loc":{"start":{"line":56,"column":6},"end":{"line":56,"column":43}},"type":"if","locations":[{"start":{"line":56,"column":6},"end":{"line":56,"column":43}},{"start":{},"end":{}}],"line":56},"5":{"loc":{"start":{"line":57,"column":6},"end":{"line":57,"column":43}},"type":"if","locations":[{"start":{"line":57,"column":6},"end":{"line":57,"column":43}},{"start":{},"end":{}}],"line":57}},"s":{"0":3,"1":3,"2":3,"3":3,"4":3,"5":3,"6":3,"7":3,"8":12,"9":12,"10":8,"11":4,"12":4,"13":1,"14":3,"15":3,"16":3,"17":2,"18":1,"19":1,"20":1,"21":1,"22":0,"23":1,"24":0,"25":1,"26":1,"27":1,"28":1,"29":0,"30":0,"31":1,"32":1,"33":1,"34":1,"35":0,"36":1,"37":0,"38":3},"f":{"0":3,"1":12},"b":{"0":[8,4],"1":[12,10,10,10,9,9,9,8,8,8,7,7,7,5],"2":[1,3],"3":[2,1],"4":[0,1],"5":[0,1]},"_coverageSchema":"1a1c01bbd47fc00a2c39e90264f33305004495a9","hash":"5a183afdc525d840bf5ecd983e03acd7bce33757"}
,"/mnt/c/Users/elija/OneDrive/Documents/GitHub/group1_KarateSite/APIs/updateProgress.js": {"path":"/mnt/c/Users/elija/OneDrive/Documents/GitHub/group1_KarateSite/APIs/updateProgress.js","statementMap":{"0":{"start":{"line":1,"column":16},"end":{"line":1,"column":34}},"1":{"start":{"line":2,"column":15},"end":{"line":2,"column":31}},"2":{"start":{"line":3,"column":14},"end":{"line":3,"column":40}},"3":{"start":{"line":5,"column":0},"end":{"line":111,"column":2}},"4":{"start":{"line":7,"column":2},"end":{"line":69,"column":5}},"5":{"start":{"line":8,"column":62},"end":{"line":8,"column":70}},"6":{"start":{"line":11,"column":4},"end":{"line":18,"column":5}},"7":{"start":{"line":12,"column":6},"end":{"line":14,"column":7}},"8":{"start":{"line":13,"column":8},"end":{"line":13,"column":91}},"9":{"start":{"line":16,"column":6},"end":{"line":16,"column":29}},"10":{"start":{"line":17,"column":6},"end":{"line":17,"column":70}},"11":{"start":{"line":20,"column":15},"end":{"line":20,"column":16}},"12":{"start":{"line":21,"column":4},"end":{"line":26,"column":5}},"13":{"start":{"line":22,"column":6},"end":{"line":22,"column":15}},"14":{"start":{"line":23,"column":6},"end":{"line":25,"column":7}},"15":{"start":{"line":24,"column":8},"end":{"line":24,"column":17}},"16":{"start":{"line":28,"column":4},"end":{"line":39,"column":5}},"17":{"start":{"line":29,"column":25},"end":{"line":29,"column":33}},"18":{"start":{"line":31,"column":6},"end":{"line":31,"column":70}},"19":{"start":{"line":31,"column":35},"end":{"line":31,"column":70}},"20":{"start":{"line":32,"column":6},"end":{"line":32,"column":70}},"21":{"start":{"line":32,"column":35},"end":{"line":32,"column":70}},"22":{"start":{"line":33,"column":6},"end":{"line":33,"column":70}},"23":{"start":{"line":33,"column":35},"end":{"line":33,"column":70}},"24":{"start":{"line":35,"column":6},"end":{"line":35,"column":77}},"25":{"start":{"line":37,"column":6},"end":{"line":37,"column":45}},"26":{"start":{"line":38,"column":6},"end":{"line":38,"column":97}},"27":{"start":{"line":42,"column":25},"end":{"line":42,"column":29}},"28":{"start":{"line":43,"column":4},"end":{"line":48,"column":5}},"29":{"start":{"line":44,"column":6},"end":{"line":44,"column":47}},"30":{"start":{"line":46,"column":6},"end":{"line":46,"column":39}},"31":{"start":{"line":47,"column":6},"end":{"line":47,"column":81}},"32":{"start":{"line":51,"column":4},"end":{"line":59,"column":5}},"33":{"start":{"line":52,"column":6},"end":{"line":52,"column":58}},"34":{"start":{"line":53,"column":6},"end":{"line":55,"column":7}},"35":{"start":{"line":54,"column":8},"end":{"line":54,"column":79}},"36":{"start":{"line":57,"column":6},"end":{"line":57,"column":43}},"37":{"start":{"line":58,"column":6},"end":{"line":58,"column":95}},"38":{"start":{"line":61,"column":4},"end":{"line":68,"column":7}},"39":{"start":{"line":72,"column":2},"end":{"line":108,"column":5}},"40":{"start":{"line":73,"column":29},"end":{"line":73,"column":37}},"41":{"start":{"line":75,"column":4},"end":{"line":81,"column":5}},"42":{"start":{"line":76,"column":6},"end":{"line":78,"column":7}},"43":{"start":{"line":77,"column":8},"end":{"line":77,"column":91}},"44":{"start":{"line":80,"column":6},"end":{"line":80,"column":70}},"45":{"start":{"line":83,"column":4},"end":{"line":107,"column":5}},"46":{"start":{"line":84,"column":19},"end":{"line":84,"column":63}},"47":{"start":{"line":85,"column":6},"end":{"line":87,"column":7}},"48":{"start":{"line":86,"column":8},"end":{"line":86,"column":79}},"49":{"start":{"line":89,"column":27},"end":{"line":89,"column":31}},"50":{"start":{"line":90,"column":6},"end":{"line":95,"column":7}},"51":{"start":{"line":91,"column":8},"end":{"line":91,"column":49}},"52":{"start":{"line":93,"column":8},"end":{"line":93,"column":41}},"53":{"start":{"line":94,"column":8},"end":{"line":94,"column":82}},"54":{"start":{"line":97,"column":6},"end":{"line":103,"column":9}},"55":{"start":{"line":105,"column":6},"end":{"line":105,"column":43}},"56":{"start":{"line":106,"column":6},"end":{"line":106,"column":84}},"57":{"start":{"line":110,"column":2},"end":{"line":110,"column":16}}},"fnMap":{"0":{"name":"(anonymous_0)","decl":{"start":{"line":5,"column":17},"end":{"line":5,"column":18}},"loc":{"start":{"line":5,"column":31},"end":{"line":111,"column":1}},"line":5},"1":{"name":"(anonymous_1)","decl":{"start":{"line":7,"column":33},"end":{"line":7,"column":34}},"loc":{"start":{"line":7,"column":53},"end":{"line":69,"column":3}},"line":7},"2":{"name":"(anonymous_2)","decl":{"start":{"line":72,"column":34},"end":{"line":72,"column":35}},"loc":{"start":{"line":72,"column":54},"end":{"line":108,"column":3}},"line":72}},"branchMap":{"0":{"loc":{"start":{"line":12,"column":6},"end":{"line":14,"column":7}},"type":"if","locations":[{"start":{"line":12,"column":6},"end":{"line":14,"column":7}},{"start":{},"end":{}}],"line":12},"1":{"loc":{"start":{"line":21,"column":4},"end":{"line":26,"column":5}},"type":"if","locations":[{"start":{"line":21,"column":4},"end":{"line":26,"column":5}},{"start":{},"end":{}}],"line":21},"2":{"loc":{"start":{"line":23,"column":6},"end":{"line":25,"column":7}},"type":"if","locations":[{"start":{"line":23,"column":6},"end":{"line":25,"column":7}},{"start":{},"end":{}}],"line":23},"3":{"loc":{"start":{"line":31,"column":6},"end":{"line":31,"column":70}},"type":"if","locations":[{"start":{"line":31,"column":6},"end":{"line":31,"column":70}},{"start":{},"end":{}}],"line":31},"4":{"loc":{"start":{"line":32,"column":6},"end":{"line":32,"column":70}},"type":"if","locations":[{"start":{"line":32,"column":6},"end":{"line":32,"column":70}},{"start":{},"end":{}}],"line":32},"5":{"loc":{"start":{"line":33,"column":6},"end":{"line":33,"column":70}},"type":"if","locations":[{"start":{"line":33,"column":6},"end":{"line":33,"column":70}},{"start":{},"end":{}}],"line":33},"6":{"loc":{"start":{"line":53,"column":6},"end":{"line":55,"column":7}},"type":"if","locations":[{"start":{"line":53,"column":6},"end":{"line":55,"column":7}},{"start":{},"end":{}}],"line":53},"7":{"loc":{"start":{"line":76,"column":6},"end":{"line":78,"column":7}},"type":"if","locations":[{"start":{"line":76,"column":6},"end":{"line":78,"column":7}},{"start":{},"end":{}}],"line":76},"8":{"loc":{"start":{"line":85,"column":6},"end":{"line":87,"column":7}},"type":"if","locations":[{"start":{"line":85,"column":6},"end":{"line":87,"column":7}},{"start":{},"end":{}}],"line":85},"9":{"loc":{"start":{"line":98,"column":19},"end":{"line":98,"column":38}},"type":"binary-expr","locations":[{"start":{"line":98,"column":19},"end":{"line":98,"column":33}},{"start":{"line":98,"column":37},"end":{"line":98,"column":38}}],"line":98},"10":{"loc":{"start":{"line":99,"column":19},"end":{"line":99,"column":38}},"type":"binary-expr","locations":[{"start":{"line":99,"column":19},"end":{"line":99,"column":33}},{"start":{"line":99,"column":37},"end":{"line":99,"column":38}}],"line":99},"11":{"loc":{"start":{"line":100,"column":19},"end":{"line":100,"column":38}},"type":"binary-expr","locations":[{"start":{"line":100,"column":19},"end":{"line":100,"column":33}},{"start":{"line":100,"column":37},"end":{"line":100,"column":38}}],"line":100}},"s":{"0":3,"1":3,"2":3,"3":3,"4":3,"5":4,"6":4,"7":4,"8":1,"9":0,"10":0,"11":3,"12":3,"13":2,"14":2,"15":2,"16":3,"17":3,"18":3,"19":3,"20":3,"21":3,"22":3,"23":3,"24":3,"25":0,"26":0,"27":3,"28":3,"29":3,"30":1,"31":1,"32":2,"33":2,"34":2,"35":1,"36":0,"37":0,"38":1,"39":3,"40":4,"41":4,"42":4,"43":1,"44":0,"45":3,"46":3,"47":3,"48":1,"49":2,"50":2,"51":2,"52":1,"53":1,"54":1,"55":0,"56":0,"57":3},"f":{"0":3,"1":4,"2":4},"b":{"0":[1,3],"1":[2,1],"2":[2,0],"3":[3,0],"4":[3,0],"5":[3,0],"6":[1,1],"7":[1,3],"8":[1,2],"9":[1,0],"10":[1,0],"11":[1,0]},"_coverageSchema":"1a1c01bbd47fc00a2c39e90264f33305004495a9","hash":"4e2a46af4e35a4225254142b38c0f9a1139c00ed"}
}
