TN:
SF:createJWT.js
FN:4,(anonymous_0)
FN:9,(anonymous_1)
FN:26,(anonymous_2)
FN:29,(anonymous_3)
FN:44,(anonymous_4)
FNF:5
FNH:5
FNDA:4,(anonymous_0)
FNDA:5,(anonymous_1)
FNDA:2,(anonymous_2)
FNDA:2,(anonymous_3)
FNDA:2,(anonymous_4)
DA:1,4
DA:2,4
DA:4,4
DA:6,4
DA:9,4
DA:11,5
DA:13,5
DA:14,5
DA:15,5
DA:17,4
DA:21,1
DA:23,5
DA:26,4
DA:28,2
DA:31,2
DA:33,1
DA:37,1
DA:41,2
DA:44,4
DA:46,2
DA:47,2
DA:48,1
DA:49,1
DA:50,1
DA:51,1
DA:52,1
DA:53,1
DA:54,1
DA:55,1
DA:57,1
LF:30
LH:30
BRDA:31,0,0,1
BRDA:31,0,1,1
BRF:2
BRH:2
end_of_record
TN:
SF:testServer.js
FN:7,createTestServer
FNF:1
FNH:1
FNDA:3,createTestServer
DA:1,3
DA:2,3
DA:3,3
DA:4,3
DA:5,3
DA:8,3
DA:9,3
DA:10,3
DA:12,3
DA:13,3
DA:14,3
DA:16,3
DA:17,3
DA:20,3
DA:21,3
DA:22,3
DA:25,3
DA:28,3
LF:18
LH:18
BRF:0
BRH:0
end_of_record
TN:
SF:APIs/login.js
FN:6,(anonymous_0)
FN:7,(anonymous_1)
FN:11,(anonymous_2)
FNF:3
FNH:3
FNDA:3,(anonymous_0)
FNDA:9,(anonymous_1)
FNDA:17,(anonymous_2)
DA:1,3
DA:2,3
DA:3,3
DA:4,3
DA:6,3
DA:7,3
DA:8,9
DA:10,9
DA:11,17
DA:12,9
DA:13,1
DA:16,8
DA:17,3
DA:22,5
DA:25,5
DA:26,5
DA:28,0
DA:29,0
DA:32,5
DA:33,3
DA:36,2
DA:39,2
DA:41,2
DA:42,0
DA:46,2
DA:47,0
DA:56,2
DA:57,2
DA:58,2
DA:59,2
DA:60,2
DA:61,2
DA:62,2
DA:63,2
DA:64,2
DA:65,2
DA:66,2
DA:68,2
DA:70,2
DA:72,2
DA:74,2
DA:75,2
DA:77,2
DA:78,2
DA:80,1
DA:83,1
DA:88,0
DA:92,2
DA:93,2
DA:95,2
DA:96,0
DA:100,2
DA:114,0
DA:117,0
DA:118,0
DA:122,3
LF:56
LH:47
BRDA:12,0,0,1
BRDA:12,0,1,8
BRDA:16,1,0,3
BRDA:16,1,1,5
BRDA:16,2,0,8
BRDA:16,2,1,6
BRDA:16,2,2,5
BRDA:16,2,3,5
BRDA:32,3,0,3
BRDA:32,3,1,2
BRDA:41,4,0,0
BRDA:41,4,1,2
BRDA:46,5,0,0
BRDA:46,5,1,2
BRDA:60,6,0,2
BRDA:60,6,1,0
BRDA:61,7,0,2
BRDA:61,7,1,2
BRDA:62,8,0,2
BRDA:62,8,1,0
BRDA:63,9,0,2
BRDA:63,9,1,2
BRDA:64,10,0,2
BRDA:64,10,1,2
BRDA:65,11,0,2
BRDA:65,11,1,2
BRDA:74,12,0,2
BRDA:74,12,1,0
BRDA:77,13,0,2
BRDA:77,13,1,0
BRDA:78,14,0,1
BRDA:78,14,1,1
BRDA:80,15,0,1
BRDA:80,15,1,0
BRDA:95,16,0,0
BRDA:95,16,1,2
BRF:36
BRH:28
end_of_record
TN:
SF:APIs/register.js
FN:8,(anonymous_0)
FN:9,(anonymous_1)
FNF:2
FNH:2
FNDA:3,(anonymous_0)
FNDA:12,(anonymous_1)
DA:1,3
DA:2,3
DA:3,3
DA:4,3
DA:5,3
DA:6,3
DA:8,3
DA:9,3
DA:10,12
DA:13,12
DA:20,8
DA:24,4
DA:25,4
DA:26,1
DA:29,3
DA:31,3
DA:32,3
DA:33,2
DA:37,1
DA:38,1
DA:41,1
DA:56,1
DA:57,1
DA:60,1
DA:61,1
DA:64,1
DA:65,1
DA:67,0
DA:68,0
DA:72,1
DA:74,1
DA:84,1
DA:85,1
DA:87,0
DA:90,1
DA:93,0
DA:97,3
LF:37
LH:33
BRDA:13,0,0,8
BRDA:13,0,1,4
BRDA:14,1,0,12
BRDA:14,1,1,10
BRDA:14,1,2,10
BRDA:14,1,3,10
BRDA:14,1,4,9
BRDA:14,1,5,9
BRDA:14,1,6,9
BRDA:14,1,7,8
BRDA:14,1,8,8
BRDA:14,1,9,8
BRDA:14,1,10,7
BRDA:14,1,11,7
BRDA:14,1,12,7
BRDA:14,1,13,5
BRDA:25,2,0,1
BRDA:25,2,1,3
BRDA:32,3,0,2
BRDA:32,3,1,1
BRDA:56,4,0,0
BRDA:56,4,1,1
BRDA:57,5,0,0
BRDA:57,5,1,1
BRF:24
BRH:22
end_of_record
TN:
SF:APIs/updateProgress.js
FN:5,(anonymous_0)
FN:7,(anonymous_1)
FN:72,(anonymous_2)
FNF:3
FNH:3
FNDA:3,(anonymous_0)
FNDA:4,(anonymous_1)
FNDA:4,(anonymous_2)
DA:1,3
DA:2,3
DA:3,3
DA:5,3
DA:7,3
DA:8,4
DA:11,4
DA:12,4
DA:13,1
DA:16,0
DA:17,0
DA:20,3
DA:21,3
DA:22,2
DA:23,2
DA:24,2
DA:28,3
DA:29,3
DA:31,3
DA:32,3
DA:33,3
DA:35,3
DA:37,0
DA:38,0
DA:42,3
DA:43,3
DA:44,3
DA:46,1
DA:47,1
DA:51,2
DA:52,2
DA:53,2
DA:54,1
DA:57,0
DA:58,0
DA:61,1
DA:72,3
DA:73,4
DA:75,4
DA:76,4
DA:77,1
DA:80,0
DA:83,3
DA:84,3
DA:85,3
DA:86,1
DA:89,2
DA:90,2
DA:91,2
DA:93,1
DA:94,1
DA:97,1
DA:105,0
DA:106,0
DA:110,3
LF:55
LH:46
BRDA:12,0,0,1
BRDA:12,0,1,3
BRDA:21,1,0,2
BRDA:21,1,1,1
BRDA:23,2,0,2
BRDA:23,2,1,0
BRDA:31,3,0,3
BRDA:31,3,1,0
BRDA:32,4,0,3
BRDA:32,4,1,0
BRDA:33,5,0,3
BRDA:33,5,1,0
BRDA:53,6,0,1
BRDA:53,6,1,1
BRDA:76,7,0,1
BRDA:76,7,1,3
BRDA:85,8,0,1
BRDA:85,8,1,2
BRDA:98,9,0,1
BRDA:98,9,1,0
BRDA:99,10,0,1
BRDA:99,10,1,0
BRDA:100,11,0,1
BRDA:100,11,1,0
BRF:24
BRH:17
end_of_record
